#
# There is insufficient memory for the Java Runtime Environment to continue.
# Native memory allocation (malloc) failed to allocate 1808976 bytes for Chunk::new
# Possible reasons:
#   The system is out of physical RAM or swap space
#   The process is running with CompressedOops enabled, and the Java Heap may be blocking the growth of the native heap
# Possible solutions:
#   Reduce memory load on the system
#   Increase physical memory or swap space
#   Check if swap backing store is full
#   Decrease Java heap size (-Xmx/-Xms)
#   Decrease number of Java threads
#   Decrease Java thread stack sizes (-Xss)
#   Set larger code cache with -XX:ReservedCodeCacheSize=
#   JVM is running with Unscaled Compressed Oops mode in which the Java heap is
#     placed in the first 4GB address space. The Java Heap base address is the
#     maximum limit for the native heap growth. Please use -XX:HeapBaseMinAddress
#     to set the Java Heap base and to place the Java Heap above 4GB virtual address.
# This output file may be truncated or incomplete.
#
#  Out of Memory Error (allocation.cpp:389), pid=20944, tid=0x00000000000028a4
#
# JRE version: OpenJDK Runtime Environment (8.0) (build 1.8.0-25-microsoft-b00)
# Java VM: OpenJDK 64-Bit Server VM (25.71-b00 mixed mode windows-amd64 compressed oops)
# Failed to write core dump. Minidumps are not enabled by default on client versions of Windows
#

---------------  T H R E A D  ---------------

Current thread (0x0000000017117000):  JavaThread "C2 CompilerThread1" daemon [_thread_in_native, id=10404, stack(0x0000000017b10000,0x0000000017c10000)]

Stack: [0x0000000017b10000,0x0000000017c10000]
[error occurred during error reporting (printing stack bounds), id 0xc0000005]

Native frames: (J=compiled Java code, j=interpreted, Vv=VM code, C=native code)


Current CompileTask:
C2:   7997 4787 %     4       com.android.tools.r8.ir.regalloc.a::a @ 609 (3992 bytes)


---------------  P R O C E S S  ---------------

Java Threads: ( => current thread )
  0x000000001865a000 JavaThread "ForkJoinPool-1-worker-0" daemon [_thread_in_Java, id=3628, stack(0x0000000019ae0000,0x0000000019be0000)]
  0x0000000018658000 JavaThread "ForkJoinPool-1-worker-3" daemon [_thread_in_Java, id=17780, stack(0x00000000199e0000,0x0000000019ae0000)]
  0x0000000018647800 JavaThread "ForkJoinPool-1-worker-2" daemon [_thread_in_vm, id=15376, stack(0x0000000018910000,0x0000000018a10000)]
  0x00000000187a7000 JavaThread "ForkJoinPool-1-worker-1" daemon [_thread_in_Java, id=21924, stack(0x0000000018810000,0x0000000018910000)]
  0x00000000171a4000 JavaThread "Service Thread" daemon [_thread_blocked, id=22512, stack(0x0000000017e10000,0x0000000017f10000)]
  0x000000001711d800 JavaThread "C1 CompilerThread3" daemon [_thread_in_vm, id=20884, stack(0x0000000017d10000,0x0000000017e10000)]
  0x000000001711b800 JavaThread "C2 CompilerThread2" daemon [_thread_in_native, id=21612, stack(0x0000000017c10000,0x0000000017d10000)]
=>0x0000000017117000 JavaThread "C2 CompilerThread1" daemon [_thread_in_native, id=10404, stack(0x0000000017b10000,0x0000000017c10000)]
  0x0000000017115000 JavaThread "C2 CompilerThread0" daemon [_thread_in_native, id=6228, stack(0x0000000017a10000,0x0000000017b10000)]
  0x0000000017113800 JavaThread "Attach Listener" daemon [_thread_blocked, id=5400, stack(0x0000000017910000,0x0000000017a10000)]
  0x0000000015317800 JavaThread "Signal Dispatcher" daemon [_thread_blocked, id=21536, stack(0x0000000017810000,0x0000000017910000)]
  0x0000000017101000 JavaThread "Finalizer" daemon [_thread_blocked, id=20496, stack(0x00000000175e0000,0x00000000176e0000)]
  0x00000000027b7000 JavaThread "Reference Handler" daemon [_thread_blocked, id=4572, stack(0x00000000174e0000,0x00000000175e0000)]
  0x00000000026c3800 JavaThread "main" [_thread_blocked, id=22244, stack(0x0000000002590000,0x0000000002690000)]

Other Threads:
  0x0000000015308800 VMThread [stack: 0x0000000016fe0000,0x00000000170e0000] [id=12520]
  0x00000000171ad000 WatcherThread [stack: 0x0000000017f10000,0x0000000018010000] [id=20368]

VM state:not at safepoint (normal execution)

VM Mutex/Monitor currently owned by a thread: None

heap address: 0x00000000c0000000, size: 1024 MB, Compressed Oops mode: 32-bit
Narrow klass base: 0x0000000000000000, Narrow klass shift: 3
Compressed class space size: 1073741824 Address: 0x0000000100000000

Heap:
 PSYoungGen      total 196096K, used 152401K [0x00000000eab00000, 0x00000000fab80000, 0x0000000100000000)
  eden space 161280K, 91% used [0x00000000eab00000,0x00000000f3abf778,0x00000000f4880000)
  from space 34816K, 14% used [0x00000000f4880000,0x00000000f4d94d10,0x00000000f6a80000)
  to   space 34304K, 0% used [0x00000000f8a00000,0x00000000f8a00000,0x00000000fab80000)
 ParOldGen       total 131584K, used 71342K [0x00000000c0000000, 0x00000000c8080000, 0x00000000eab00000)
  object space 131584K, 54% used [0x00000000c0000000,0x00000000c45aba68,0x00000000c8080000)
 Metaspace       used 16731K, capacity 17652K, committed 18048K, reserved 1064960K
  class space    used 2033K, capacity 2274K, committed 2432K, reserved 1048576K

Card table byte_map: [0x0000000011b90000,0x0000000011da0000] byte_map_base: 0x0000000011590000

Marking Bits: (ParMarkBitMap*) 0x0000000059c78f30
 Begin Bits: [0x0000000012700000, 0x0000000013700000)
 End Bits:   [0x0000000013700000, 0x0000000014700000)

Polling page: 0x0000000002690000

CodeCache: size=245760Kb used=16051Kb max_used=16051Kb free=229708Kb
 bounds [0x00000000027d0000, 0x0000000003790000, 0x00000000117d0000]
 total_blobs=4785 nmethods=4430 adapters=266
 compilation: enabled

Compilation events (10 events):
Event: 7.977 Thread 0x000000001711d800 nmethod 5139 0x000000000377af50 code [0x000000000377b0a0, 0x000000000377b210]
Event: 7.977 Thread 0x000000001711d800 5140       2       com.android.tools.r8.graph.Q0::a (55 bytes)
Event: 7.978 Thread 0x000000001711d800 nmethod 5140 0x000000000377b290 code [0x000000000377b400, 0x000000000377b5a8]
Event: 7.980 Thread 0x000000001711d800 5142       2       com.android.tools.r8.s.b.w::a (411 bytes)
Event: 7.983 Thread 0x000000001711d800 nmethod 5142 0x000000000377b690 code [0x000000000377ba60, 0x000000000377ca08]
Event: 7.983 Thread 0x000000001711d800 5143       2       com.android.tools.r8.ir.regalloc.a::a (230 bytes)
Event: 7.984 Thread 0x000000001711d800 nmethod 5143 0x000000000377d890 code [0x000000000377daa0, 0x000000000377e238]
Event: 7.984 Thread 0x000000001711d800 5144       2       com.android.tools.r8.code.W0::hashCode (31 bytes)
Event: 7.985 Thread 0x000000001711d800 nmethod 5144 0x000000000377e950 code [0x000000000377eac0, 0x000000000377ec98]
Event: 7.988 Thread 0x000000001711d800 5146       3       com.android.tools.r8.ir.conversion.O::c (572 bytes)

GC Heap History (10 events):
Event: 4.711 GC heap before
{Heap before GC invocations=11 (full 1):
 PSYoungGen      total 140288K, used 140280K [0x00000000eab00000, 0x00000000f6c00000, 0x0000000100000000)
  eden space 114688K, 100% used [0x00000000eab00000,0x00000000f1b00000,0x00000000f1b00000)
  from space 25600K, 99% used [0x00000000f1b00000,0x00000000f33fe088,0x00000000f3400000)
  to   space 31232K, 0% used [0x00000000f4d80000,0x00000000f4d80000,0x00000000f6c00000)
 ParOldGen       total 75776K, used 42431K [0x00000000c0000000, 0x00000000c4a00000, 0x00000000eab00000)
  object space 75776K, 55% used [0x00000000c0000000,0x00000000c296fe70,0x00000000c4a00000)
 Metaspace       used 15085K, capacity 16034K, committed 16128K, reserved 1062912K
  class space    used 1969K, capacity 2233K, committed 2304K, reserved 1048576K
Event: 4.774 GC heap after
Heap after GC invocations=11 (full 1):
 PSYoungGen      total 162816K, used 28523K [0x00000000eab00000, 0x00000000f8980000, 0x0000000100000000)
  eden space 131584K, 0% used [0x00000000eab00000,0x00000000eab00000,0x00000000f2b80000)
  from space 31232K, 91% used [0x00000000f4d80000,0x00000000f695aef8,0x00000000f6c00000)
  to   space 34816K, 0% used [0x00000000f2b80000,0x00000000f2b80000,0x00000000f4d80000)
 ParOldGen       total 75776K, used 56275K [0x00000000c0000000, 0x00000000c4a00000, 0x00000000eab00000)
  object space 75776K, 74% used [0x00000000c0000000,0x00000000c36f4ff0,0x00000000c4a00000)
 Metaspace       used 15085K, capacity 16034K, committed 16128K, reserved 1062912K
  class space    used 1969K, capacity 2233K, committed 2304K, reserved 1048576K
}
Event: 5.683 GC heap before
{Heap before GC invocations=12 (full 1):
 PSYoungGen      total 162816K, used 160107K [0x00000000eab00000, 0x00000000f8980000, 0x0000000100000000)
  eden space 131584K, 100% used [0x00000000eab00000,0x00000000f2b80000,0x00000000f2b80000)
  from space 31232K, 91% used [0x00000000f4d80000,0x00000000f695aef8,0x00000000f6c00000)
  to   space 34816K, 0% used [0x00000000f2b80000,0x00000000f2b80000,0x00000000f4d80000)
 ParOldGen       total 75776K, used 56275K [0x00000000c0000000, 0x00000000c4a00000, 0x00000000eab00000)
  object space 75776K, 74% used [0x00000000c0000000,0x00000000c36f4ff0,0x00000000c4a00000)
 Metaspace       used 15930K, capacity 16954K, committed 17280K, reserved 1064960K
  class space    used 2045K, capacity 2305K, committed 2432K, reserved 1048576K
Event: 5.740 GC heap after
Heap after GC invocations=12 (full 1):
 PSYoungGen      total 166400K, used 3104K [0x00000000eab00000, 0x00000000fa000000, 0x0000000100000000)
  eden space 131584K, 0% used [0x00000000eab00000,0x00000000eab00000,0x00000000f2b80000)
  from space 34816K, 8% used [0x00000000f2b80000,0x00000000f2e88358,0x00000000f4d80000)
  to   space 35328K, 0% used [0x00000000f7d80000,0x00000000f7d80000,0x00000000fa000000)
 ParOldGen       total 81920K, used 81076K [0x00000000c0000000, 0x00000000c5000000, 0x00000000eab00000)
  object space 81920K, 98% used [0x00000000c0000000,0x00000000c4f2d038,0x00000000c5000000)
 Metaspace       used 15930K, capacity 16954K, committed 17280K, reserved 1064960K
  class space    used 2045K, capacity 2305K, committed 2432K, reserved 1048576K
}
Event: 5.740 GC heap before
{Heap before GC invocations=13 (full 2):
 PSYoungGen      total 166400K, used 3104K [0x00000000eab00000, 0x00000000fa000000, 0x0000000100000000)
  eden space 131584K, 0% used [0x00000000eab00000,0x00000000eab00000,0x00000000f2b80000)
  from space 34816K, 8% used [0x00000000f2b80000,0x00000000f2e88358,0x00000000f4d80000)
  to   space 35328K, 0% used [0x00000000f7d80000,0x00000000f7d80000,0x00000000fa000000)
 ParOldGen       total 81920K, used 81076K [0x00000000c0000000, 0x00000000c5000000, 0x00000000eab00000)
  object space 81920K, 98% used [0x00000000c0000000,0x00000000c4f2d038,0x00000000c5000000)
 Metaspace       used 15930K, capacity 16954K, committed 17280K, reserved 1064960K
  class space    used 2045K, capacity 2305K, committed 2432K, reserved 1048576K
Event: 6.231 GC heap after
Heap after GC invocations=13 (full 2):
 PSYoungGen      total 166400K, used 0K [0x00000000eab00000, 0x00000000fa000000, 0x0000000100000000)
  eden space 131584K, 0% used [0x00000000eab00000,0x00000000eab00000,0x00000000f2b80000)
  from space 34816K, 0% used [0x00000000f2b80000,0x00000000f2b80000,0x00000000f4d80000)
  to   space 35328K, 0% used [0x00000000f7d80000,0x00000000f7d80000,0x00000000fa000000)
 ParOldGen       total 131584K, used 71334K [0x00000000c0000000, 0x00000000c8080000, 0x00000000eab00000)
  object space 131584K, 54% used [0x00000000c0000000,0x00000000c45a9a68,0x00000000c8080000)
 Metaspace       used 15866K, capacity 16792K, committed 17280K, reserved 1064960K
  class space    used 2023K, capacity 2268K, committed 2432K, reserved 1048576K
}
Event: 7.000 GC heap before
{Heap before GC invocations=14 (full 2):
 PSYoungGen      total 166400K, used 131584K [0x00000000eab00000, 0x00000000fa000000, 0x0000000100000000)
  eden space 131584K, 100% used [0x00000000eab00000,0x00000000f2b80000,0x00000000f2b80000)
  from space 34816K, 0% used [0x00000000f2b80000,0x00000000f2b80000,0x00000000f4d80000)
  to   space 35328K, 0% used [0x00000000f7d80000,0x00000000f7d80000,0x00000000fa000000)
 ParOldGen       total 131584K, used 71334K [0x00000000c0000000, 0x00000000c8080000, 0x00000000eab00000)
  object space 131584K, 54% used [0x00000000c0000000,0x00000000c45a9a68,0x00000000c8080000)
 Metaspace       used 16296K, capacity 17280K, committed 17792K, reserved 1064960K
  class space    used 2026K, capacity 2274K, committed 2432K, reserved 1048576K
Event: 7.011 GC heap after
Heap after GC invocations=14 (full 2):
 PSYoungGen      total 176640K, used 2681K [0x00000000eab00000, 0x00000000f8c80000, 0x0000000100000000)
  eden space 161280K, 0% used [0x00000000eab00000,0x00000000eab00000,0x00000000f4880000)
  from space 15360K, 17% used [0x00000000f7d80000,0x00000000f801e6f8,0x00000000f8c80000)
  to   space 34816K, 0% used [0x00000000f4880000,0x00000000f4880000,0x00000000f6a80000)
 ParOldGen       total 131584K, used 71334K [0x00000000c0000000, 0x00000000c8080000, 0x00000000eab00000)
  object space 131584K, 54% used [0x00000000c0000000,0x00000000c45a9a68,0x00000000c8080000)
 Metaspace       used 16296K, capacity 17280K, committed 17792K, reserved 1064960K
  class space    used 2026K, capacity 2274K, committed 2432K, reserved 1048576K
}
Event: 7.501 GC heap before
{Heap before GC invocations=15 (full 2):
 PSYoungGen      total 176640K, used 163961K [0x00000000eab00000, 0x00000000f8c80000, 0x0000000100000000)
  eden space 161280K, 100% used [0x00000000eab00000,0x00000000f4880000,0x00000000f4880000)
  from space 15360K, 17% used [0x00000000f7d80000,0x00000000f801e6f8,0x00000000f8c80000)
  to   space 34816K, 0% used [0x00000000f4880000,0x00000000f4880000,0x00000000f6a80000)
 ParOldGen       total 131584K, used 71334K [0x00000000c0000000, 0x00000000c8080000, 0x00000000eab00000)
  object space 131584K, 54% used [0x00000000c0000000,0x00000000c45a9a68,0x00000000c8080000)
 Metaspace       used 16561K, capacity 17504K, committed 17792K, reserved 1064960K
  class space    used 2026K, capacity 2274K, committed 2432K, reserved 1048576K
Event: 7.513 GC heap after
Heap after GC invocations=15 (full 2):
 PSYoungGen      total 196096K, used 5203K [0x00000000eab00000, 0x00000000fab80000, 0x0000000100000000)
  eden space 161280K, 0% used [0x00000000eab00000,0x00000000eab00000,0x00000000f4880000)
  from space 34816K, 14% used [0x00000000f4880000,0x00000000f4d94d10,0x00000000f6a80000)
  to   space 34304K, 0% used [0x00000000f8a00000,0x00000000f8a00000,0x00000000fab80000)
 ParOldGen       total 131584K, used 71342K [0x00000000c0000000, 0x00000000c8080000, 0x00000000eab00000)
  object space 131584K, 54% used [0x00000000c0000000,0x00000000c45aba68,0x00000000c8080000)
 Metaspace       used 16561K, capacity 17504K, committed 17792K, reserved 1064960K
  class space    used 2026K, capacity 2274K, committed 2432K, reserved 1048576K
}

Deoptimization events (10 events):
Event: 7.394 Thread 0x0000000018658000 Uncommon trap: reason=bimorphic action=maybe_recompile pc=0x00000000036678c4 method=com.android.tools.r8.s.b.t1.a(Lcom/android/tools/r8/s/a/p/u;)Lcom/android/tools/r8/s/b/t1; @ 19
Event: 7.395 Thread 0x0000000018658000 Uncommon trap: reason=bimorphic action=maybe_recompile pc=0x00000000036678c4 method=com.android.tools.r8.s.b.t1.a(Lcom/android/tools/r8/s/a/p/u;)Lcom/android/tools/r8/s/b/t1; @ 19
Event: 7.401 Thread 0x0000000018658000 Uncommon trap: reason=bimorphic action=maybe_recompile pc=0x00000000036678c4 method=com.android.tools.r8.s.b.t1.a(Lcom/android/tools/r8/s/a/p/u;)Lcom/android/tools/r8/s/b/t1; @ 19
Event: 7.401 Thread 0x0000000018658000 Uncommon trap: reason=bimorphic action=maybe_recompile pc=0x00000000036678c4 method=com.android.tools.r8.s.b.t1.a(Lcom/android/tools/r8/s/a/p/u;)Lcom/android/tools/r8/s/b/t1; @ 19
Event: 7.406 Thread 0x0000000018658000 Uncommon trap: reason=bimorphic action=maybe_recompile pc=0x000000000357237c method=com.android.tools.r8.s.b.t1.a(Lcom/android/tools/r8/s/a/p/u;)Lcom/android/tools/r8/s/b/t1; @ 19
Event: 7.568 Thread 0x0000000018647800 Uncommon trap: reason=unstable_if action=reinterpret pc=0x0000000002ec0c10 method=java.util.HashMap.putVal(ILjava/lang/Object;Ljava/lang/Object;ZZ)Ljava/lang/Object; @ 94
Event: 7.579 Thread 0x0000000018647800 Uncommon trap: reason=class_check action=maybe_recompile pc=0x00000000035ae258 method=com.android.tools.r8.t.a.a.a.h.l.iterator()Ljava/util/Iterator; @ 1
Event: 7.581 Thread 0x0000000018647800 Uncommon trap: reason=class_check action=maybe_recompile pc=0x00000000035ae258 method=com.android.tools.r8.t.a.a.a.h.l.iterator()Ljava/util/Iterator; @ 1
Event: 7.582 Thread 0x0000000018647800 Uncommon trap: reason=class_check action=maybe_recompile pc=0x00000000035ae258 method=com.android.tools.r8.t.a.a.a.h.l.iterator()Ljava/util/Iterator; @ 1
Event: 7.582 Thread 0x0000000018647800 Uncommon trap: reason=class_check action=maybe_recompile pc=0x00000000035ae258 method=com.android.tools.r8.t.a.a.a.h.l.iterator()Ljava/util/Iterator; @ 1

Classes redefined (0 events):
No events

Internal exceptions (10 events):
Event: 0.875 Thread 0x00000000026c3800 Implicit null exception at 0x0000000002a40f94 to 0x0000000002a41951
Event: 1.010 Thread 0x00000000026c3800 Implicit null exception at 0x0000000002a45994 to 0x0000000002a46351
Event: 1.051 Thread 0x00000000026c3800 Implicit null exception at 0x0000000002a3b5e5 to 0x0000000002a3bc39
Event: 1.055 Thread 0x00000000026c3800 Implicit null exception at 0x0000000002a386b8 to 0x0000000002a38b7d
Event: 3.095 Thread 0x00000000026c3800 Exception <a 'java/lang/IncompatibleClassChangeError': Found class java.lang.Object, but interface was expected> (0x00000000eb0f52c0) thrown at [D:\j\worksp~1\openjd~3\jdk8u\hotspot\src\share\vm\interpreter\linkResolver.cpp, line 653]
Event: 4.005 Thread 0x000000001865a000 Implicit null exception at 0x0000000002c9856f to 0x0000000002c987b5
Event: 4.088 Thread 0x00000000187a7000 Exception <a 'java/lang/NoSuchMethodError': java.lang.Object.b(Lcom/android/tools/r8/graph/p1$b;)Lcom/android/tools/r8/graph/p1$b;> (0x00000000ef53ff70) thrown at [D:\j\worksp~1\openjd~3\jdk8u\hotspot\src\share\vm\interpreter\linkResolver.cpp, line 620]
Event: 4.171 Thread 0x00000000187a7000 Exception <a 'java/lang/NoSuchMethodError': java.lang.Object.lambda$comparingInt$7b0bb60$1(Ljava/util/function/ToIntFunction;Ljava/lang/Object;Ljava/lang/Object;)I> (0x00000000ef92d458) thrown at [D:\j\worksp~1\openjd~3\jdk8u\hotspot\src\share\vm\interpre
Event: 4.174 Thread 0x00000000187a7000 Exception <a 'java/lang/NoSuchMethodError': java.lang.Object.lambda$maxBy$1(Ljava/util/Comparator;Ljava/lang/Object;Ljava/lang/Object;)Ljava/lang/Object;> (0x00000000ef9396c8) thrown at [D:\j\worksp~1\openjd~3\jdk8u\hotspot\src\share\vm\interpreter\linkRe
Event: 4.303 Thread 0x0000000018647800 Implicit null exception at 0x0000000002ec7760 to 0x0000000002ed0805

Events (10 events):
Event: 7.613 Thread 0x00000000187a7000 DEOPT UNPACKING pc=0x00000000028175d0 sp=0x000000001890e110 mode 0
Event: 7.737 Executing VM operation: ForceSafepoint
Event: 7.738 Executing VM operation: ForceSafepoint done
Event: 7.744 Thread 0x000000001711d800 flushing nmethod 0x0000000002abf890
Event: 7.755 Thread 0x000000001711d800 flushing nmethod 0x0000000002c03290
Event: 7.757 Thread 0x000000001711d800 flushing nmethod 0x0000000002e701d0
Event: 7.757 Thread 0x000000001711d800 flushing nmethod 0x0000000002e7d110
Event: 7.758 Thread 0x000000001711d800 flushing nmethod 0x0000000002ec15d0
Event: 7.896 Thread 0x0000000018647800 DEOPT PACKING pc=0x000000000349e311 sp=0x0000000018a0d910
Event: 7.896 Thread 0x0000000018647800 DEOPT UNPACKING pc=0x00000000028175d0 sp=0x0000000018a0d6b8 mode 0


Dynamic libraries:
0x00007ff737be0000 - 0x00007ff737c15000 	C:\Program Files\Android\Jdk\microsoft_dist_openjdk_1.8.0.25\bin\java.exe
0x00007fffe68d0000 - 0x00007fffe6ac5000 	C:\WINDOWS\SYSTEM32\ntdll.dll
0x00007fffe4e90000 - 0x00007fffe4f4d000 	C:\WINDOWS\System32\KERNEL32.DLL
0x00007fffe4380000 - 0x00007fffe4649000 	C:\WINDOWS\System32\KERNELBASE.dll
0x00007fffe6400000 - 0x00007fffe64ac000 	C:\WINDOWS\System32\ADVAPI32.dll
0x00007fffe5220000 - 0x00007fffe52be000 	C:\WINDOWS\System32\msvcrt.dll
0x00007fffe4be0000 - 0x00007fffe4c7b000 	C:\WINDOWS\System32\sechost.dll
0x00007fffe66c0000 - 0x00007fffe67ea000 	C:\WINDOWS\System32\RPCRT4.dll
0x00007fffe4cf0000 - 0x00007fffe4e90000 	C:\WINDOWS\System32\USER32.dll
0x00007fffe4250000 - 0x00007fffe4272000 	C:\WINDOWS\System32\win32u.dll
0x00007fffe4a90000 - 0x00007fffe4aba000 	C:\WINDOWS\System32\GDI32.dll
0x00007fffe4830000 - 0x00007fffe493b000 	C:\WINDOWS\System32\gdi32full.dll
0x00007fffe4650000 - 0x00007fffe46ed000 	C:\WINDOWS\System32\msvcp_win.dll
0x00007fffe4280000 - 0x00007fffe4380000 	C:\WINDOWS\System32\ucrtbase.dll
0x00007fffce2a0000 - 0x00007fffce53a000 	C:\WINDOWS\WinSxS\amd64_microsoft.windows.common-controls_6595b64144ccf1df_6.0.19041.1110_none_60b5254171f9507e\COMCTL32.dll
0x00007fffe5e70000 - 0x00007fffe5ea0000 	C:\WINDOWS\System32\IMM32.DLL
0x0000000059d00000 - 0x0000000059dd1000 	C:\Program Files\Android\Jdk\microsoft_dist_openjdk_1.8.0.25\jre\bin\msvcr100.dll
0x00000000594b0000 - 0x0000000059cf5000 	C:\Program Files\Android\Jdk\microsoft_dist_openjdk_1.8.0.25\jre\bin\server\jvm.dll
0x00007fffe4a80000 - 0x00007fffe4a88000 	C:\WINDOWS\System32\PSAPI.DLL
0x00007fffce5d0000 - 0x00007fffce5d9000 	C:\WINDOWS\SYSTEM32\WSOCK32.dll
0x00007fffe1570000 - 0x00007fffe157a000 	C:\WINDOWS\SYSTEM32\VERSION.dll
0x00007fffce5e0000 - 0x00007fffce607000 	C:\WINDOWS\SYSTEM32\WINMM.dll
0x00007fffe5100000 - 0x00007fffe516b000 	C:\WINDOWS\System32\WS2_32.dll
0x00007fffd2e10000 - 0x00007fffd2e1f000 	C:\Program Files\Android\Jdk\microsoft_dist_openjdk_1.8.0.25\jre\bin\verify.dll
0x00007fffc5830000 - 0x00007fffc5859000 	C:\Program Files\Android\Jdk\microsoft_dist_openjdk_1.8.0.25\jre\bin\java.dll
0x00007fffc9ed0000 - 0x00007fffc9ee6000 	C:\Program Files\Android\Jdk\microsoft_dist_openjdk_1.8.0.25\jre\bin\zip.dll
0x00007fffe5370000 - 0x00007fffe5aaf000 	C:\WINDOWS\System32\SHELL32.dll
0x00007fffe2000000 - 0x00007fffe2791000 	C:\WINDOWS\SYSTEM32\windows.storage.dll
0x00007fffe5b10000 - 0x00007fffe5e65000 	C:\WINDOWS\System32\combase.dll
0x00007fffe39a0000 - 0x00007fffe39cc000 	C:\WINDOWS\SYSTEM32\Wldp.dll
0x00007fffe5170000 - 0x00007fffe521e000 	C:\WINDOWS\System32\SHCORE.dll
0x00007fffe5ab0000 - 0x00007fffe5b05000 	C:\WINDOWS\System32\shlwapi.dll
0x00007fffe3f50000 - 0x00007fffe3f6f000 	C:\WINDOWS\SYSTEM32\profapi.dll
0x00007fffc6c20000 - 0x00007fffc6c3a000 	C:\Program Files\Android\jdk\microsoft_dist_openjdk_1.8.0.25\jre\bin\net.dll
0x00007fffe3780000 - 0x00007fffe37ea000 	C:\WINDOWS\system32\mswsock.dll
0x00007fffc59a0000 - 0x00007fffc59b1000 	C:\Program Files\Android\jdk\microsoft_dist_openjdk_1.8.0.25\jre\bin\nio.dll

VM Arguments:
jvm_args: -Xmx1G 
java_command: com.android.tools.r8.D8 --debug --min-api 21 --output obj\Debug\110\android\bin\ --lib C:\Program Files (x86)\Android\android-sdk\platforms\android-30\android.jar obj\Debug\110\android\bin\classes.zip C:\Program Files (x86)\Microsoft Visual Studio\2019\Community\Common7\IDE\ReferenceAssemblies\Microsoft\Framework\MonoAndroid\v11.0\mono.android.jar C:\Program Files (x86)\Microsoft Visual Studio\2019\Community\MSBuild\Xamarin\Android\java_runtime_fastdev.jar C:\Users\DELL\.nuget\packages\xamarin.androidx.annotation\1.1.0.9\buildTransitive\monoandroid9.0\..\..\jar\androidx.annotation.annotation.jar C:\Users\DELL\.nuget\packages\xamarin.androidx.collection\1.1.0.7\buildTransitive\monoandroid9.0\..\..\jar\androidx.collection.collection.jar C:\Users\DELL\.nuget\packages\xamarin.androidx.lifecycle.common\2.3.0.1\buildTransitive\monoandroid9.0\..\..\jar\androidx.lifecycle.lifecycle-common.jar C:\Users\DELL\.nuget\packages\xamarin.androidx.arch.core.common\2.1.0.8\buildTransitive\monoandroid9.0\..\..\jar\androidx.arch.core.core-common.jar obj\Debug\110\androidx\jl\c70c8183-12e8-449d-a684-fef96ac31111.jar obj\Debug\110\lp\0\jl\bin\classes.jar obj\Debug\110\lp\1\jl\bolts-tasks.jar obj\Debug\110\lp\100\jl\classes.jar obj\Debug\110\lp\101\jl\classes.jar obj\Debug\110\lp\102\jl\classes.jar obj\Debug\110\lp\103\jl\classes.jar obj\Debug\110\lp\104\jl\classes.jar obj\Debug\110\lp\105\jl\classes.jar obj\Debug\110\lp\106\jl\classes.jar obj\Debug\110\lp\107\jl\classes.jar obj\Debug\110\lp\109\jl\classes.jar obj\Debug\110\lp\2\jl\formsviewgroup.jar obj\Debug\110\lp\3\jl\zxing.core.jar obj\Debug\110\lp\54\jl\bin\classes.jar obj\Debug\110\lp\55\jl\bin\classes.jar obj\Debug\110\lp\56\jl\bin\classes.jar obj\Debug\110\lp\57\jl\bin\classes.jar obj\Debug\110\lp\58\jl\bin\classes.jar obj\Debug\110\lp\59\jl\bin\classes.jar obj\Debug\110\lp\60\jl\bin\classes.jar obj\Debug\110\lp\61\jl\bin\classes.jar obj\Debug\110\lp\67\jl\classes.jar obj\Debug\110\lp\68\jl\classes.jar obj\Debug\1
java_class_path (initial): C:\Program Files (x86)\Microsoft Visual Studio\2019\Community\MSBuild\Xamarin\Android\r8.jar
Launcher Type: SUN_STANDARD

Environment Variables:
PATH=C:\Program Files\Android\Jdk\microsoft_dist_openjdk_1.8.0.25\bin;C:\Program Files (x86)\Common Files\Intel\Shared Libraries\redist\intel64\compiler;C:\WINDOWS\system32;C:\WINDOWS;C:\WINDOWS\System32\Wbem;C:\WINDOWS\System32\WindowsPowerShell\v1.0\;C:\WINDOWS\System32\OpenSSH\;C:\Program Files\Microsoft SQL Server\130\Tools\Binn\;C:\Program Files\Microsoft SQL Server\Client SDK\ODBC\170\Tools\Binn\;C:\Program Files (x86)\Microsoft SQL Server\150\Tools\Binn\;C:\Program Files\Microsoft SQL Server\150\Tools\Binn\;C:\Program Files\Microsoft SQL Server\150\DTS\Binn\;C:\Program Files (x86)\Microsoft SQL Server\150\DTS\Binn\;C:\OpenCV\Build\x64\vc15\bin;C:\Program Files\dotnet\;C:\Program Files (x86)\OPOS\Epson2;C:\Program Files\EPSON\OPOS for .NET\Lib64;C:\Program Files\Azure Data Studio\bin;C:\Program Files\Git\cmd;C:\Program Files (x86)\Notepad++;C:\Program Files\Perforce\;C:\Program Files (x86)\Intel\Intel(R) Management Engine Components\DAL;C:\Program Files\Intel\Intel(R) Management Engine Components\DAL;C:\Python\Python38\Scripts\;C:\Python\Python38\;C:\Users\DELL\AppData\Local\Programs\Python\Launcher\;C:\Users\DELL\AppData\Local\Microsoft\WindowsApps;C:\Users\DELL\AppData\Local\Programs\Microsoft VS Code\bin;C:\Users\DELL\.dotnet\tools;C:\Users\DELL\AppData\Local\GitHubDesktop\bin;C:\Program Files\CMake\bin;C:\Users\DELL\AppData\Local\Microsoft\WindowsApps;C:\Users\DELL\.dotnet\tools;C:\Program Files\Azure Data Studio\bin
USERNAME=DELL
OS=Windows_NT
PROCESSOR_IDENTIFIER=Intel64 Family 6 Model 142 Stepping 10, GenuineIntel



---------------  S Y S T E M  ---------------

OS: Windows 10.0 , 64 bit Build 19041 (10.0.19041.1023)

CPU:total 8 (initial active 8) (4 cores per cpu, 2 threads per core) family 6 model 142 stepping 10, cmov, cx8, fxsr, mmx, sse, sse2, sse3, ssse3, sse4.1, sse4.2, popcnt, avx, avx2, aes, clmul, erms, 3dnowpref, lzcnt, ht, tsc, tscinvbit, bmi1, bmi2, adx

Memory: 4k page, physical 4089540k(176260k free), swap 16672452k(5444k free)

vm_info: OpenJDK 64-Bit Server VM (25.71-b00) for windows-amd64 JRE (1.8.0-25-microsoft-b00), built on Feb  7 2019 20:09:14 by "builder" with MS VC++ 10.0 (VS2010)

time: Tue Jul 27 17:39:21 2021
timezone: Hora de verano central (México)
elapsed time: 8 seconds (0d 0h 0m 8s)

